2022-03-03 17:29:25,744: Send to: explorer/037
2022-03-03 17:29:25,746: "Hi!"
2022-03-03 17:30:01,225: {
  "name": "John",
  "age": 30,
  "city": "New York"
}
2022-03-03 17:30:01,226: {
  "name": "John",
  "age": 30,
  "city": "New York"
}
2022-03-03 17:30:02,228: Send to: explorer/037
2022-03-03 17:30:02,229: "Hi!"
2022-03-03 17:30:45,778: Send to: explorer/037
2022-03-03 17:30:45,780: "Hi!"
2022-03-03 17:30:49,272: Send to: explorer/037
2022-03-03 17:30:49,273: "Hi!"
2022-03-03 17:30:58,944: {
  "name": "John",
  "age": 30,
  "city": "New York"
}
2022-03-03 17:31:03,954: Send to: explorer/037
2022-03-03 17:31:03,956: "Hi!"
2022-03-03 17:34:30,168: {
  "name": "John",
  "age": 30,
  "city": "New York"
}
2022-03-03 17:40:00,696: Send to: explorer/037
2022-03-03 17:40:00,703: "Hi!"
2022-03-03 17:40:04,938: Send to: explorer/037
2022-03-03 17:40:04,939: "Hallo"
